Toxicity Tests for Election Simulations
==================================================
=== Running Toxicity Tests ===
Analyzing 435 districts...

Running toxicity tests...

============================================================
TOXICITY TEST RESULTS
============================================================

Toxicity Parameters:
  Toxic Bonus (own party): +0.25
  Toxic Penalty (opposition): -1.0

=== NON-TOXIC BASE ELECTIONS ===
Districts analyzed: 435
  Toxic success: 419 (96.3%)
    - Toxic twin wins: 356 (81.8%)
    - Opposition wins: 22 (5.1%)
    - Opponent toxic wins: 41 (9.4%)
  Third candidate wins: 16 (3.7%)
  Original winner wins: 0 (0.0%)

=== TOXIC BASE ELECTIONS ===
Districts analyzed: 435
  Non-toxic success: 0 (0.0%)
    - Non-toxic twin wins: 0 (0.0%)
    - Opposition wins: 0 (0.0%)
  Original winner wins: 435 (100.0%)

=== SUMMARY ===
  Percentage of toxic success: 96.3%
  Percentage of non-toxic success: 0.0%
  Percentage of toxic twin success: 81.8%

Results saved to tt-out/xx/results-primary.json
